# JRE version: OpenJDK Runtime Environment (8.0_352-b08) (build 1.8.0_352-b08)
# Java VM: OpenJDK 64-Bit Server VM (25.352-b08 mixed mode windows-amd64 compressed oops)
Heap:
 PSYoungGen      total 152576K, used 20476K [0x00000000f5580000, 0x0000000100000000, 0x0000000100000000)
  eden space 139776K, 5% used [0x00000000f5580000,0x00000000f5d06510,0x00000000fde00000)
  from space 12800K, 99% used [0x00000000ff380000,0x00000000ffff8ee0,0x0000000100000000)
  to   space 17408K, 0% used [0x00000000fde00000,0x00000000fde00000,0x00000000fef00000)
 ParOldGen       total 175104K, used 20012K [0x00000000e0000000, 0x00000000eab00000, 0x00000000f5580000)
  object space 175104K, 11% used [0x00000000e0000000,0x00000000e138b288,0x00000000eab00000)
 Metaspace       used 50349K, capacity 53228K, committed 53504K, reserved 1095680K
  class space    used 7327K, capacity 7886K, committed 7936K, reserved 1048576K
GC Heap History (10 events):
Event: 12.676 GC heap before
{Heap before GC invocations=6 (full 1):
 PSYoungGen      total 141824K, used 131072K [0x00000000f5580000, 0x00000000fea80000, 0x0000000100000000)
  eden space 131072K, 100% used [0x00000000f5580000,0x00000000fd580000,0x00000000fd580000)
  from space 10752K, 0% used [0x00000000fe000000,0x00000000fe000000,0x00000000fea80000)
  to   space 10752K, 0% used [0x00000000fd580000,0x00000000fd580000,0x00000000fe000000)
 ParOldGen       total 175104K, used 9836K [0x00000000e0000000, 0x00000000eab00000, 0x00000000f5580000)
  object space 175104K, 5% used [0x00000000e0000000,0x00000000e099b2c0,0x00000000eab00000)
 Metaspace       used 29405K, capacity 30950K, committed 31232K, reserved 1075200K
  class space    used 4410K, capacity 4756K, committed 4864K, reserved 1048576K
Event: 12.711 GC heap after
Heap after GC invocations=6 (full 1):
 PSYoungGen      total 141824K, used 10377K [0x00000000f5580000, 0x0000000100000000, 0x0000000100000000)
  eden space 131072K, 0% used [0x00000000f5580000,0x00000000f5580000,0x00000000fd580000)
  from space 10752K, 96% used [0x00000000fd580000,0x00000000fdfa2488,0x00000000fe000000)
  to   space 12800K, 0% used [0x00000000ff380000,0x00000000ff380000,0x0000000100000000)
 ParOldGen       total 175104K, used 9844K [0x00000000e0000000, 0x00000000eab00000, 0x00000000f5580000)
  object space 175104K, 5% used [0x00000000e0000000,0x00000000e099d2c0,0x00000000eab00000)
 Metaspace       used 29405K, capacity 30950K, committed 31232K, reserved 1075200K
  class space    used 4410K, capacity 4756K, committed 4864K, reserved 1048576K
}
Event: 13.851 GC heap before
{Heap before GC invocations=7 (full 1):
 PSYoungGen      total 141824K, used 41321K [0x00000000f5580000, 0x0000000100000000, 0x0000000100000000)
  eden space 131072K, 23% used [0x00000000f5580000,0x00000000f73b7f80,0x00000000fd580000)
  from space 10752K, 96% used [0x00000000fd580000,0x00000000fdfa2488,0x00000000fe000000)
  to   space 12800K, 0% used [0x00000000ff380000,0x00000000ff380000,0x0000000100000000)
 ParOldGen       total 175104K, used 9844K [0x00000000e0000000, 0x00000000eab00000, 0x00000000f5580000)
  object space 175104K, 5% used [0x00000000e0000000,0x00000000e099d2c0,0x00000000eab00000)
 Metaspace       used 33756K, capacity 35314K, committed 35456K, reserved 1079296K
  class space    used 4832K, capacity 5201K, committed 5248K, reserved 1048576K
Event: 13.862 GC heap after
Heap after GC invocations=7 (full 1):
 PSYoungGen      total 161792K, used 7229K [0x00000000f5580000, 0x0000000100000000, 0x0000000100000000)
  eden space 148992K, 0% used [0x00000000f5580000,0x00000000f5580000,0x00000000fe700000)
  from space 12800K, 56% used [0x00000000ff380000,0x00000000ffa8f528,0x0000000100000000)
  to   space 12800K, 0% used [0x00000000fe700000,0x00000000fe700000,0x00000000ff380000)
 ParOldGen       total 175104K, used 9852K [0x00000000e0000000, 0x00000000eab00000, 0x00000000f5580000)
  object space 175104K, 5% used [0x00000000e0000000,0x00000000e099f2c0,0x00000000eab00000)
 Metaspace       used 33756K, capacity 35314K, committed 35456K, reserved 1079296K
  class space    used 4832K, capacity 5201K, committed 5248K, reserved 1048576K
}
Event: 13.862 GC heap before
{Heap before GC invocations=8 (full 2):
 PSYoungGen      total 161792K, used 7229K [0x00000000f5580000, 0x0000000100000000, 0x0000000100000000)
  eden space 148992K, 0% used [0x00000000f5580000,0x00000000f5580000,0x00000000fe700000)
  from space 12800K, 56% used [0x00000000ff380000,0x00000000ffa8f528,0x0000000100000000)
  to   space 12800K, 0% used [0x00000000fe700000,0x00000000fe700000,0x00000000ff380000)
 ParOldGen       total 175104K, used 9852K [0x00000000e0000000, 0x00000000eab00000, 0x00000000f5580000)
  object space 175104K, 5% used [0x00000000e0000000,0x00000000e099f2c0,0x00000000eab00000)
 Metaspace       used 33756K, capacity 35314K, committed 35456K, reserved 1079296K
  class space    used 4832K, capacity 5201K, committed 5248K, reserved 1048576K
Event: 13.951 GC heap after
Heap after GC invocations=8 (full 2):
 PSYoungGen      total 161792K, used 0K [0x00000000f5580000, 0x0000000100000000, 0x0000000100000000)
  eden space 148992K, 0% used [0x00000000f5580000,0x00000000f5580000,0x00000000fe700000)
  from space 12800K, 0% used [0x00000000ff380000,0x00000000ff380000,0x0000000100000000)
  to   space 12800K, 0% used [0x00000000fe700000,0x00000000fe700000,0x00000000ff380000)
 ParOldGen       total 175104K, used 14701K [0x00000000e0000000, 0x00000000eab00000, 0x00000000f5580000)
  object space 175104K, 8% used [0x00000000e0000000,0x00000000e0e5b430,0x00000000eab00000)
 Metaspace       used 33752K, capacity 35302K, committed 35456K, reserved 1079296K
  class space    used 4831K, capacity 5199K, committed 5248K, reserved 1048576K
}
Event: 22.880 GC heap before
{Heap before GC invocations=9 (full 2):
 PSYoungGen      total 161792K, used 148992K [0x00000000f5580000, 0x0000000100000000, 0x0000000100000000)
  eden space 148992K, 100% used [0x00000000f5580000,0x00000000fe700000,0x00000000fe700000)
  from space 12800K, 0% used [0x00000000ff380000,0x00000000ff380000,0x0000000100000000)
  to   space 12800K, 0% used [0x00000000fe700000,0x00000000fe700000,0x00000000ff380000)
 ParOldGen       total 175104K, used 14701K [0x00000000e0000000, 0x00000000eab00000, 0x00000000f5580000)
  object space 175104K, 8% used [0x00000000e0000000,0x00000000e0e5b430,0x00000000eab00000)
 Metaspace       used 44186K, capacity 46380K, committed 46720K, reserved 1089536K
  class space    used 6258K, capacity 6692K, committed 6784K, reserved 1048576K
Event: 22.910 GC heap after
Heap after GC invocations=9 (full 2):
 PSYoungGen      total 161792K, used 12791K [0x00000000f5580000, 0x0000000100000000, 0x0000000100000000)
  eden space 148992K, 0% used [0x00000000f5580000,0x00000000f5580000,0x00000000fe700000)
  from space 12800K, 99% used [0x00000000fe700000,0x00000000ff37dee0,0x00000000ff380000)
  to   space 12800K, 0% used [0x00000000ff380000,0x00000000ff380000,0x0000000100000000)
 ParOldGen       total 175104K, used 16486K [0x00000000e0000000, 0x00000000eab00000, 0x00000000f5580000)
  object space 175104K, 9% used [0x00000000e0000000,0x00000000e10198f0,0x00000000eab00000)
 Metaspace       used 44186K, capacity 46380K, committed 46720K, reserved 1089536K
  class space    used 6258K, capacity 6692K, committed 6784K, reserved 1048576K
}
Event: 29.817 GC heap before
{Heap before GC invocations=10 (full 2):
 PSYoungGen      total 161792K, used 161783K [0x00000000f5580000, 0x0000000100000000, 0x0000000100000000)
  eden space 148992K, 100% used [0x00000000f5580000,0x00000000fe700000,0x00000000fe700000)
  from space 12800K, 99% used [0x00000000fe700000,0x00000000ff37dee0,0x00000000ff380000)
  to   space 12800K, 0% used [0x00000000ff380000,0x00000000ff380000,0x0000000100000000)
 ParOldGen       total 175104K, used 16486K [0x00000000e0000000, 0x00000000eab00000, 0x00000000f5580000)
  object space 175104K, 9% used [0x00000000e0000000,0x00000000e10198f0,0x00000000eab00000)
 Metaspace       used 50091K, capacity 52960K, committed 53248K, reserved 1095680K
  class space    used 7279K, capacity 7820K, committed 7936K, reserved 1048576K
Event: 29.908 GC heap after
Heap after GC invocations=10 (full 2):
 PSYoungGen      total 152576K, used 12771K [0x00000000f5580000, 0x0000000100000000, 0x0000000100000000)
  eden space 139776K, 0% used [0x00000000f5580000,0x00000000f5580000,0x00000000fde00000)
  from space 12800K, 99% used [0x00000000ff380000,0x00000000ffff8ee0,0x0000000100000000)
  to   space 17408K, 0% used [0x00000000fde00000,0x00000000fde00000,0x00000000fef00000)
 ParOldGen       total 175104K, used 20012K [0x00000000e0000000, 0x00000000eab00000, 0x00000000f5580000)
  object space 175104K, 11% used [0x00000000e0000000,0x00000000e138b288,0x00000000eab00000)
 Metaspace       used 50091K, capacity 52960K, committed 53248K, reserved 1095680K
  class space    used 7279K, capacity 7820K, committed 7936K, reserved 1048576K
}

